SF:lib\main.dart
DA:8,0
DA:9,0
DA:15,2
DA:18,1
DA:20,1
DA:22,1
DA:33,0
DA:34,0
DA:37,0
DA:39,0
DA:40,0
DA:41,0
DA:42,0
DA:44,0
DA:45,0
DA:50,0
DA:52,0
DA:53,0
LF:18
LH:4
end_of_record
SF:lib\models\note_model.dart
DA:9,1
DA:17,2
DA:18,1
DA:19,1
DA:20,2
DA:23,2
DA:24,1
DA:25,1
DA:26,2
LF:9
LH:9
end_of_record
SF:lib\screens\home_screen.dart
DA:10,1
DA:13,1
DA:14,1
DA:23,1
DA:24,1
DA:25,1
DA:26,1
DA:27,1
DA:30,1
DA:31,2
DA:32,2
DA:34,1
DA:35,2
DA:37,1
DA:47,0
DA:48,0
DA:49,0
DA:50,0
DA:53,0
DA:54,0
DA:56,0
DA:58,0
DA:59,0
DA:60,0
DA:71,0
DA:72,0
DA:73,0
DA:74,0
DA:75,0
DA:79,0
DA:80,0
DA:81,0
DA:82,0
DA:90,1
DA:91,2
DA:94,1
DA:96,1
DA:97,1
DA:98,3
DA:99,1
DA:105,1
DA:106,1
DA:113,1
DA:114,2
DA:116,1
DA:117,2
DA:118,1
DA:119,3
DA:126,1
DA:127,1
DA:128,3
DA:129,0
DA:130,1
DA:131,1
DA:132,2
DA:133,1
DA:134,1
DA:138,1
DA:139,2
DA:142,0
DA:150,1
DA:151,1
DA:152,1
LF:63
LH:42
end_of_record
SF:lib\theme\app_theme.dart
DA:6,4
DA:7,1
DA:10,1
LF:3
LH:3
end_of_record
SF:lib\screens\edit_screen.dart
DA:9,1
DA:11,1
DA:12,1
DA:18,1
DA:20,1
DA:21,4
DA:24,1
DA:26,2
DA:27,1
DA:33,1
DA:34,4
DA:37,1
DA:39,1
DA:40,1
DA:42,1
DA:43,1
DA:45,1
DA:49,1
DA:51,1
DA:52,1
LF:20
LH:20
end_of_record
